<?xml version="1.0" encoding="UTF-8"?>
<!-- Generated by org.testng.reporters.JUnitReportReporter -->
<testsuite hostname="PRANAYC" failures="0" tests="1" name="testClassPackage.post_tc_3" time="1.919" errors="0" timestamp="2023-05-23T19:50:38 IST" skipped="0">
  <testcase classname="testClassPackage.post_tc_3" name="execute" time="1.919"/>
  <system-out/>
</testsuite> <!-- testClassPackage.post_tc_3 -->
